app/build/intermediates/manifest_merge_blame_file/release/manifest-merger-blame-release-report.txt
1<?xml version="1.0" encoding="utf-8"?>
2<manifest xmlns:android="http://schemas.android.com/apk/res/android"
3    package="codes.richter.defaultdatacollection"
4    android:versionCode="1"
5    android:versionName="1.0" >
6
7    <uses-sdk
8        android:minSdkVersion="26"
8-->src/main/AndroidManifest.xml
9        android:targetSdkVersion="32" />
9-->src/main/AndroidManifest.xml
10
11    <uses-permission android:name="android.permission.WRITE_EXTERNAL_STORAGE" />
11-->src/main/AndroidManifest.xml:4:5-80
11-->src/main/AndroidManifest.xml:4:22-78
12    <uses-permission android:name="android.permission.READ_EXTERNAL_STORAGE" />
12-->src/main/AndroidManifest.xml:5:5-79
12-->src/main/AndroidManifest.xml:5:22-77
13
14    <application
14-->src/main/AndroidManifest.xml:7:5-33:19
15        android:allowBackup="true"
15-->src/main/AndroidManifest.xml:8:9-35
16        android:appComponentFactory="androidx.core.app.CoreComponentFactory"
16-->[androidx.core:core:1.7.0] AndroidManifest.xml:24:18-86
17        android:extractNativeLibs="false"
18        android:icon="@mipmap/ic_launcher"
18-->src/main/AndroidManifest.xml:9:9-43
19        android:label="@string/app_name"
19-->src/main/AndroidManifest.xml:10:9-41
20        android:roundIcon="@mipmap/ic_launcher_round"
20-->src/main/AndroidManifest.xml:11:9-54
21        android:supportsRtl="true"
21-->src/main/AndroidManifest.xml:12:9-35
22        android:theme="@style/Theme.DeFaultDataCollection" >
22-->src/main/AndroidManifest.xml:13:9-59
23        <activity
23-->src/main/AndroidManifest.xml:14:9-22:20
24            android:name="codes.richter.defaultdatacollection.MainActivity"
24-->src/main/AndroidManifest.xml:15:13-76
25            android:exported="true" >
25-->src/main/AndroidManifest.xml:16:13-36
26            <intent-filter>
26-->src/main/AndroidManifest.xml:17:13-21:29
27                <action android:name="android.intent.action.MAIN" />
27-->src/main/AndroidManifest.xml:18:17-69
27-->src/main/AndroidManifest.xml:18:25-66
28
29                <category android:name="android.intent.category.LAUNCHER" />
29-->src/main/AndroidManifest.xml:20:17-77
29-->src/main/AndroidManifest.xml:20:27-74
30            </intent-filter>
31        </activity>
32
33        <provider
34            android:name="androidx.core.content.FileProvider"
34-->src/main/AndroidManifest.xml:25:13-62
35            android:authorities="codes.richter.defaultdatacollection.provider"
35-->src/main/AndroidManifest.xml:26:13-60
36            android:exported="false"
36-->src/main/AndroidManifest.xml:27:13-37
37            android:grantUriPermissions="true" >
37-->src/main/AndroidManifest.xml:28:13-47
38            <meta-data
38-->src/main/AndroidManifest.xml:29:13-31:58
39                android:name="android.support.FILE_PROVIDER_PATHS"
39-->src/main/AndroidManifest.xml:30:17-67
40                android:resource="@xml/provider_paths" />
40-->src/main/AndroidManifest.xml:31:17-55
41        </provider>
42        <provider
42-->[androidx.emoji2:emoji2:1.0.0] AndroidManifest.xml:26:9-34:20
43            android:name="androidx.startup.InitializationProvider"
43-->[androidx.emoji2:emoji2:1.0.0] AndroidManifest.xml:27:13-67
44            android:authorities="codes.richter.defaultdatacollection.androidx-startup"
44-->[androidx.emoji2:emoji2:1.0.0] AndroidManifest.xml:28:13-68
45            android:exported="false" >
45-->[androidx.emoji2:emoji2:1.0.0] AndroidManifest.xml:29:13-37
46            <meta-data
46-->[androidx.emoji2:emoji2:1.0.0] AndroidManifest.xml:31:13-33:52
47                android:name="androidx.emoji2.text.EmojiCompatInitializer"
47-->[androidx.emoji2:emoji2:1.0.0] AndroidManifest.xml:32:17-75
48                android:value="androidx.startup" />
48-->[androidx.emoji2:emoji2:1.0.0] AndroidManifest.xml:33:17-49
49            <meta-data
49-->[androidx.lifecycle:lifecycle-process:2.4.0] AndroidManifest.xml:31:13-33:52
50                android:name="androidx.lifecycle.ProcessLifecycleInitializer"
50-->[androidx.lifecycle:lifecycle-process:2.4.0] AndroidManifest.xml:32:17-78
51                android:value="androidx.startup" />
51-->[androidx.lifecycle:lifecycle-process:2.4.0] AndroidManifest.xml:33:17-49
52        </provider>
53    </application>
54
55</manifest>